<?xml version="1.0" encoding="UTF-8"?>
<!-- Generated by org.testng.reporters.JUnitXMLReporter -->
<testsuite hostname="TESTER-WS14-PC" ignored="0" name="Create a PlanSetup" tests="5" failures="0" timestamp="29 Aug 2019 11:26:47 GMT" time="33.67" errors="0">
  <testcase name="loginDemo" time="3.045" classname="tests.Testcreate_Plan_Setup"/>
  <testcase name="Clientlink" time="2.459" classname="tests.Testcreate_Plan_Setup"/>
  <testcase name="ESScompany" time="11.037" classname="tests.Testcreate_Plan_Setup"/>
  <testcase name="EligibilityandEnrollment" time="1.743" classname="tests.Testcreate_Plan_Setup"/>
  <testcase name="CreatePlanSetup" time="4.429" classname="tests.Testcreate_Plan_Setup"/>
</testsuite> <!-- Create a PlanSetup -->
