<?xml version="1.0" encoding="UTF-8"?>
<!-- Generated by org.testng.reporters.JUnitXMLReporter -->
<testsuite hostname="TESTER-WS14-PC" ignored="0" name="Create a PlanSetup" tests="5" failures="0" timestamp="29 Aug 2019 05:30:11 GMT" time="92.724" errors="0">
  <testcase name="loginDemo" time="8.254" classname="tests.Testcreate_Plan_Setup"/>
  <testcase name="Clientlink" time="3.936" classname="tests.Testcreate_Plan_Setup"/>
  <testcase name="ESScompany" time="19.968" classname="tests.Testcreate_Plan_Setup"/>
  <testcase name="EligibilityandEnrollment" time="2.834" classname="tests.Testcreate_Plan_Setup"/>
  <testcase name="CreatePlanSetup" time="8.954" classname="tests.Testcreate_Plan_Setup"/>
</testsuite> <!-- Create a PlanSetup -->
