<?xml version="1.0" encoding="UTF-8"?>
<!-- Generated by org.testng.reporters.JUnitXMLReporter -->
<testsuite hostname="TESTER-WS14-PC" ignored="0" name="Verify add employee functionality" tests="5" failures="0" timestamp="28 Aug 2019 13:24:53 GMT" time="50.122" errors="0">
  <testcase name="loginDemo" time="5.18" classname="tests.TestAddemployee"/>
  <testcase name="Clientmenu" time="2.88" classname="tests.TestAddemployee"/>
  <testcase name="SearchACompany" time="11.377" classname="tests.TestAddemployee"/>
  <testcase name="ClickonAddemployeesLink" time="2.433" classname="tests.TestAddemployee"/>
  <testcase name="Addemployeepage" time="11.078" classname="tests.TestAddemployee"/>
</testsuite> <!-- Verify add employee functionality -->
