<?xml version="1.0" encoding="UTF-8"?>
<!-- Generated by org.testng.reporters.JUnitXMLReporter -->
<testsuite hostname="TESTER-WS14-PC" ignored="0" name="Verify plan set up functionality" tests="5" failures="0" timestamp="28 Aug 2019 13:37:43 GMT" time="30.085" errors="0">
  <testcase name="loginDemo" time="3.499" classname="tests.Testcreate_Plan_Setup"/>
  <testcase name="Clientlink" time="1.946" classname="tests.Testcreate_Plan_Setup"/>
  <testcase name="ESScompany" time="9.904" classname="tests.Testcreate_Plan_Setup"/>
  <testcase name="EligibilityandEnrollment" time="0.966" classname="tests.Testcreate_Plan_Setup"/>
  <testcase name="CreatePlanSetup" time="3.75" classname="tests.Testcreate_Plan_Setup"/>
</testsuite> <!-- Verify plan set up functionality -->
